<?xml version="1.0" encoding="UTF-8"?>
<testng-results skipped="0" failed="0" total="1" passed="1">
  <reporter-output>
  </reporter-output>
  <suite name="Default suite" duration-ms="24150" started-at="2021-10-30T20:03:42Z" finished-at="2021-10-30T20:04:06Z">
    <groups>
    </groups>
    <test name="Default test" duration-ms="24150" started-at="2021-10-30T20:03:42Z" finished-at="2021-10-30T20:04:06Z">
      <class name="com.dummy.scripts.dummyscipt_Test">
        <test-method status="PASS" signature="preCondition()[pri:0, instance:com.dummy.scripts.dummyscipt_Test@6ea6d14e]" name="preCondition" is-config="true" duration-ms="5378" started-at="2021-10-31T01:33:42Z" finished-at="2021-10-31T01:33:47Z">
          <reporter-output>
          </reporter-output>
        </test-method> <!-- preCondition -->
        <test-method status="PASS" signature="stepdefinitions()[pri:0, instance:com.dummy.scripts.dummyscipt_Test@6ea6d14e]" name="stepdefinitions" duration-ms="18669" started-at="2021-10-31T01:33:47Z" finished-at="2021-10-31T01:34:06Z">
          <reporter-output>
          </reporter-output>
        </test-method> <!-- stepdefinitions -->
        <test-method status="PASS" signature="postCondition()[pri:0, instance:com.dummy.scripts.dummyscipt_Test@6ea6d14e]" name="postCondition" is-config="true" duration-ms="84" started-at="2021-10-31T01:34:06Z" finished-at="2021-10-31T01:34:06Z">
          <reporter-output>
          </reporter-output>
        </test-method> <!-- postCondition -->
      </class> <!-- com.dummy.scripts.dummyscipt_Test -->
    </test> <!-- Default test -->
  </suite> <!-- Default suite -->
</testng-results>
